2020-05-10 03:25:44.381  WARN 14868 --- [restartedMain] c.c.c.ConfigServicePropertySourceLocator : Could not locate PropertySource: 500 : [{"timestamp":"2020-05-09T21:55:44.378+0000","status":500,"error":"Internal Server Error","message":"GENERAL","trace":"com.netflix.zuul.exception.ZuulException: Forwarding error\r\n\tat org.springframe... (13284 bytes)]
2020-05-10 03:25:44.383  INFO 14868 --- [restartedMain] com.cg.realestate.BuyOrSellApplication   : No active profile set, falling back to default profiles: default
2020-05-10 03:25:47.759  WARN 14868 --- [restartedMain] o.s.b.d.a.OptionalLiveReloadServer       : Unable to start LiveReload server
2020-05-10 03:25:47.857  WARN 14868 --- [restartedMain] c.n.c.sources.URLConfigurationSource     : No URLs will be polled as dynamic configuration sources.
2020-05-10 03:25:47.890  WARN 14868 --- [restartedMain] JpaBaseConfiguration$JpaWebConfiguration : spring.jpa.open-in-view is enabled by default. Therefore, database queries may be performed during view rendering. Explicitly configure spring.jpa.open-in-view to disable this warning
2020-05-10 03:25:48.712  WARN 14868 --- [restartedMain] ockingLoadBalancerClientRibbonWarnLogger : You already have RibbonLoadBalancerClient on your classpath. It will be used by default. As Spring Cloud Ribbon is in maintenance mode. We recommend switching to BlockingLoadBalancerClient instead. In order to use it, set the value of `spring.cloud.loadbalancer.ribbon.enabled` to `false` or remove spring-cloud-starter-netflix-ribbon from your project.
2020-05-10 03:25:49.344  INFO 14868 --- [restartedMain] com.cg.realestate.BuyOrSellApplication   : Started BuyOrSellApplication in 6.157 seconds (JVM running for 9153.827)
2020-05-10 03:37:02.475  WARN 14868 --- [Thread-51] com.netflix.discovery.DiscoveryClient    : Saw local status change event StatusChangeEvent [timestamp=1589062022475, current=DOWN, previous=UP]
2020-05-10 03:37:09.859  WARN 14868 --- [restartedMain] c.c.c.ConfigServicePropertySourceLocator : Could not locate PropertySource: 500 : [{"timestamp":"2020-05-09T22:07:09.857+0000","status":500,"error":"Internal Server Error","message":"GENERAL","trace":"com.netflix.zuul.exception.ZuulException: Forwarding error\r\n\tat org.springframe... (16542 bytes)]
2020-05-10 03:37:09.862  INFO 14868 --- [restartedMain] com.cg.realestate.BuyOrSellApplication   : No active profile set, falling back to default profiles: default
2020-05-10 03:37:14.531  WARN 14868 --- [restartedMain] o.s.b.d.a.OptionalLiveReloadServer       : Unable to start LiveReload server
2020-05-10 03:37:14.627  WARN 14868 --- [restartedMain] c.n.c.sources.URLConfigurationSource     : No URLs will be polled as dynamic configuration sources.
2020-05-10 03:37:14.690  WARN 14868 --- [restartedMain] JpaBaseConfiguration$JpaWebConfiguration : spring.jpa.open-in-view is enabled by default. Therefore, database queries may be performed during view rendering. Explicitly configure spring.jpa.open-in-view to disable this warning
2020-05-10 03:37:15.461  WARN 14868 --- [restartedMain] ockingLoadBalancerClientRibbonWarnLogger : You already have RibbonLoadBalancerClient on your classpath. It will be used by default. As Spring Cloud Ribbon is in maintenance mode. We recommend switching to BlockingLoadBalancerClient instead. In order to use it, set the value of `spring.cloud.loadbalancer.ribbon.enabled` to `false` or remove spring-cloud-starter-netflix-ribbon from your project.
2020-05-10 03:37:16.232  INFO 14868 --- [restartedMain] com.cg.realestate.BuyOrSellApplication   : Started BuyOrSellApplication in 8.811 seconds (JVM running for 9840.715)
2020-05-10 03:54:47.892  WARN 14868 --- [Thread-59] com.netflix.discovery.DiscoveryClient    : Saw local status change event StatusChangeEvent [timestamp=1589063087892, current=DOWN, previous=UP]
2020-05-10 13:37:59.692  WARN 15328 --- [restartedMain] c.c.c.ConfigServicePropertySourceLocator : Could not locate PropertySource: I/O error on GET request for "http://localhost:8888/buyorsell/default": Connection refused: connect; nested exception is java.net.ConnectException: Connection refused: connect
2020-05-10 13:37:59.720  INFO 15328 --- [restartedMain] com.cg.realestate.BuyOrSellApplication   : No active profile set, falling back to default profiles: default
2020-05-10 13:38:02.197  WARN 15328 --- [restartedMain] o.s.boot.actuate.endpoint.EndpointId     : Endpoint ID 'service-registry' contains invalid characters, please migrate to a valid format.
2020-05-10 13:38:04.199  WARN 15328 --- [restartedMain] c.n.c.sources.URLConfigurationSource     : No URLs will be polled as dynamic configuration sources.
2020-05-10 13:38:13.283  WARN 15328 --- [restartedMain] o.s.b.d.a.OptionalLiveReloadServer       : Unable to start LiveReload server
2020-05-10 13:38:13.972  WARN 15328 --- [restartedMain] JpaBaseConfiguration$JpaWebConfiguration : spring.jpa.open-in-view is enabled by default. Therefore, database queries may be performed during view rendering. Explicitly configure spring.jpa.open-in-view to disable this warning
2020-05-10 13:38:14.355  WARN 15328 --- [restartedMain] c.n.c.sources.URLConfigurationSource     : No URLs will be polled as dynamic configuration sources.
2020-05-10 13:38:16.320  WARN 15328 --- [restartedMain] ockingLoadBalancerClientRibbonWarnLogger : You already have RibbonLoadBalancerClient on your classpath. It will be used by default. As Spring Cloud Ribbon is in maintenance mode. We recommend switching to BlockingLoadBalancerClient instead. In order to use it, set the value of `spring.cloud.loadbalancer.ribbon.enabled` to `false` or remove spring-cloud-starter-netflix-ribbon from your project.
2020-05-10 13:38:19.652  INFO 15328 --- [restartedMain] com.cg.realestate.BuyOrSellApplication   : Started BuyOrSellApplication in 24.551 seconds (JVM running for 26.955)
2020-05-10 13:40:08.141  INFO 15328 --- [http-nio-9009-exec-2] c.c.r.controller.PropertySellController  : Adding sold Property .
2020-05-10 13:40:08.143 ERROR 15328 --- [http-nio-9009-exec-2] c.c.r.controller.PropertySellController  : Error happened at add() of buyorsell
2020-05-10 13:49:39.096  WARN 15328 --- [Thread-4] com.netflix.discovery.DiscoveryClient    : Saw local status change event StatusChangeEvent [timestamp=1589098779096, current=DOWN, previous=UP]
